<?xml version="1.0" encoding="UTF-8"?>
<!-- Generated by org.testng.reporters.JUnitReportReporter -->
<testsuite hostname="Ashoks-MBP.fios-router.home" failures="0" tests="1" name="selenium.LoginTest_TestNG" time="0.313" errors="0" timestamp="22 Jan 2018 00:42:07 GMT" skipped="0">
  <testcase classname="selenium.LoginTest_TestNG" name="loginTest" time="0.313"/>
</testsuite> <!-- selenium.LoginTest_TestNG -->
