<?xml version="1.0" encoding="UTF-8"?>
<!-- Generated by org.testng.reporters.JUnitReportReporter -->
<testsuite hostname="Ashoks-MBP.fios-router.home" failures="0" tests="2" name="selenium.Grid_Test" time="7.413" errors="0" timestamp="25 Jan 2018 07:05:15 GMT" skipped="0">
  <testcase classname="selenium.Grid_Test" name="login_test" time="5.081"/>
  <testcase classname="selenium.Grid_Test" name="login_test" time="2.332"/>
</testsuite> <!-- selenium.Grid_Test -->
