<?xml version="1.0" encoding="UTF-8"?>
<!-- Generated by org.testng.reporters.JUnitReportReporter -->
<testsuite hostname="Ashoks-MBP.fios-router.home" failures="0" tests="2" name="selenium.Grid_Test" time="11.303" errors="0" timestamp="27 Jan 2018 03:57:57 GMT" skipped="0">
  <testcase classname="selenium.Grid_Test" name="login_test" time="8.498"/>
  <testcase classname="selenium.Grid_Test" name="login_test" time="2.805"/>
</testsuite> <!-- selenium.Grid_Test -->
