<?xml version="1.0" encoding="UTF-8"?>
<!-- Generated by org.testng.reporters.JUnitReportReporter -->
<testsuite hostname="Ashoks-MBP.fios-router.home" failures="0" tests="3" name="selenium.TestNG_Parameterization_DataProvider" time="13.777" errors="0" timestamp="22 Jan 2018 02:08:05 GMT" skipped="0">
  <testcase classname="selenium.TestNG_Parameterization_DataProvider" name="userLogin" time="4.299"/>
  <testcase classname="selenium.TestNG_Parameterization_DataProvider" name="userLogin" time="5.613"/>
  <testcase classname="selenium.TestNG_Parameterization_DataProvider" name="userLogin" time="3.865"/>
</testsuite> <!-- selenium.TestNG_Parameterization_DataProvider -->
